[0m19:30:22.801698 [debug] [MainThread]: Sending event: {'category': 'dbt', 'action': 'invocation', 'label': 'start', 'context': [<snowplow_tracker.self_describing_json.SelfDescribingJson object at 0x000001B6D31E0850>, <snowplow_tracker.self_describing_json.SelfDescribingJson object at 0x000001B6D30FF910>, <snowplow_tracker.self_describing_json.SelfDescribingJson object at 0x000001B6D31E3690>]}


============================== 19:30:22.801698 | 0bf49ec8-1f0a-4562-8cf5-2cc4b0af3304 ==============================
[0m19:30:22.801698 [info ] [MainThread]: Running with dbt=1.6.6
[0m19:30:22.801698 [debug] [MainThread]: running dbt with arguments {'printer_width': '80', 'indirect_selection': 'eager', 'write_json': 'True', 'log_cache_events': 'False', 'partial_parse': 'True', 'cache_selected_only': 'False', 'profiles_dir': 'C:\\Users\\gabri\\.dbt', 'version_check': 'True', 'fail_fast': 'False', 'log_path': 'logs', 'debug': 'False', 'warn_error': 'None', 'use_colors': 'True', 'use_experimental_parser': 'False', 'no_print': 'None', 'quiet': 'False', 'log_format': 'default', 'introspect': 'True', 'warn_error_options': 'WarnErrorOptions(include=[], exclude=[])', 'invocation_command': 'dbt init', 'target_path': 'None', 'static_parser': 'True', 'send_anonymous_usage_stats': 'True'}
[0m19:30:22.801698 [warn ] [MainThread]: [ConfigFolderDirectory]: Unable to parse dict {'dir': WindowsPath('C:/Users/gabri/.dbt')}
[0m19:30:22.801698 [info ] [MainThread]: Creating dbt configuration folder at 
[0m19:30:46.026167 [debug] [MainThread]: Starter project path: C:\Users\gabri\anaconda3\envs\dbt-bigquery\Lib\site-packages\dbt\include\starter_project
[0m19:30:46.072010 [info ] [MainThread]: 
Your new dbt project "dbt_bigquery" was created!

For more information on how to configure the profiles.yml file,
please consult the dbt documentation here:

  https://docs.getdbt.com/docs/configure-your-profile

One more thing:

Need help? Don't hesitate to reach out to us via GitHub issues or on Slack:

  https://community.getdbt.com/

Happy modeling!

[0m19:30:46.074623 [info ] [MainThread]: Setting up your profile.
[0m19:32:24.550060 [info ] [MainThread]: Profile dbt_bigquery written to C:\Users\gabri\.dbt\profiles.yml using target's profile_template.yml and your supplied values. Run 'dbt debug' to validate the connection.
[0m19:32:24.550060 [debug] [MainThread]: Command `dbt init` succeeded at 19:32:24.550060 after 121.76 seconds
[0m19:32:24.550060 [debug] [MainThread]: Sending event: {'category': 'dbt', 'action': 'invocation', 'label': 'end', 'context': [<snowplow_tracker.self_describing_json.SelfDescribingJson object at 0x000001B6D2DC2950>, <snowplow_tracker.self_describing_json.SelfDescribingJson object at 0x000001B6CC544490>, <snowplow_tracker.self_describing_json.SelfDescribingJson object at 0x000001B6D287A0D0>]}
[0m19:32:24.550060 [debug] [MainThread]: Flushing usage events
